2022-07-11T11:31:37: >>> Adobe Updater Log Begin >>>
2022-07-11T11:31:37: Application Version: 6.0.0.67
2022-07-11T11:31:37: cmdline option: -logFile = C:\Users\Gateway\AppData\Local\Adobe\AAMUpdater\1.0\aamul.log
2022-07-11T11:31:37: cmdline option: -logLevel = 2
2022-07-11T11:31:37: StartupUtility : Loaded at startup/logon.
2022-07-11T11:31:37: UCIsUpdaterEnabled : UpdaterIsEnabled.
2022-07-11T11:31:37: Updater has never been run on the machine.
2022-07-11T11:31:37: StartupUtility : Window is NOT Elapsed.
2022-07-11T11:31:37: <<< Adobe Updater Log End <<<


2022-07-12T07:01:14: >>> Adobe Updater Log Begin >>>
2022-07-12T07:01:14: Application Version: 6.0.0.67
2022-07-12T07:01:14: cmdline option: -logFile = C:\Users\Gateway\AppData\Local\Adobe\AAMUpdater\1.0\aamul.log
2022-07-12T07:01:14: cmdline option: -logLevel = 2
2022-07-12T07:01:14: StartupUtility : Loaded at startup/logon.
2022-07-12T07:01:14: UCIsUpdaterEnabled : UpdaterIsEnabled.
2022-07-12T07:01:14: Updater has never been run on the machine.
2022-07-12T07:01:14: StartupUtility : Window is NOT Elapsed.
2022-07-12T07:01:14: <<< Adobe Updater Log End <<<


2022-07-15T03:44:26: >>> Adobe Updater Log Begin >>>
2022-07-15T03:44:26: Application Version: 6.0.0.67
2022-07-15T03:44:26: cmdline option: -logFile = C:\Users\Gateway\AppData\Local\Adobe\AAMUpdater\1.0\aamul.log
2022-07-15T03:44:26: cmdline option: -logLevel = 2
2022-07-15T03:44:26: StartupUtility : Loaded at startup/logon.
2022-07-15T03:44:26: UCIsUpdaterEnabled : UpdaterIsEnabled.
2022-07-15T03:44:26: Updater has never been run on the machine.
2022-07-15T03:44:26: StartupUtility : Window is NOT Elapsed.
2022-07-15T03:44:26: <<< Adobe Updater Log End <<<


2022-07-16T07:26:36: >>> Adobe Updater Log Begin >>>
2022-07-16T07:26:36: Application Version: 6.0.0.67
2022-07-16T07:26:36: cmdline option: -logFile = C:\Users\Gateway\AppData\Local\Adobe\AAMUpdater\1.0\aamul.log
2022-07-16T07:26:36: cmdline option: -logLevel = 2
2022-07-16T07:26:36: StartupUtility : Loaded at startup/logon.
2022-07-16T07:26:36: UCIsUpdaterEnabled : UpdaterIsEnabled.
2022-07-16T07:26:36: Updater has never been run on the machine.
2022-07-16T07:26:36: StartupUtility : Window is NOT Elapsed.
2022-07-16T07:26:36: <<< Adobe Updater Log End <<<


2022-07-17T05:07:12: >>> Adobe Updater Log Begin >>>
2022-07-17T05:07:12: Application Version: 6.0.0.67
2022-07-17T05:07:12: cmdline option: -logFile = C:\Users\Gateway\AppData\Local\Adobe\AAMUpdater\1.0\aamul.log
2022-07-17T05:07:12: cmdline option: -logLevel = 2
2022-07-17T05:07:12: StartupUtility : Loaded at startup/logon.
2022-07-17T05:07:12: UCIsUpdaterEnabled : UpdaterIsEnabled.
2022-07-17T05:07:12: Updater has never been run on the machine.
2022-07-17T05:07:12: StartupUtility : Window is NOT Elapsed.
2022-07-17T05:07:12: <<< Adobe Updater Log End <<<


2022-07-17T05:27:01: >>> Adobe Updater Log Begin >>>
2022-07-17T05:27:01: Application Version: 6.0.0.67
2022-07-17T05:27:01: cmdline option: -logFile = C:\Users\Gateway\AppData\Local\Adobe\AAMUpdater\1.0\aamul.log
2022-07-17T05:27:01: cmdline option: -logLevel = 2
2022-07-17T05:27:01: StartupUtility : Loaded at startup/logon.
2022-07-17T05:27:01: UCIsUpdaterEnabled : UpdaterIsEnabled.
2022-07-17T05:27:01: Updater has never been run on the machine.
2022-07-17T05:27:01: StartupUtility : Window is NOT Elapsed.
2022-07-17T05:27:01: <<< Adobe Updater Log End <<<


2022-07-18T03:05:20: >>> Adobe Updater Log Begin >>>
2022-07-18T03:05:20: Application Version: 6.0.0.67
2022-07-18T03:05:20: cmdline option: -logFile = C:\Users\Gateway\AppData\Local\Adobe\AAMUpdater\1.0\aamul.log
2022-07-18T03:05:20: cmdline option: -logLevel = 2
2022-07-18T03:05:20: StartupUtility : Loaded at startup/logon.
2022-07-18T03:05:20: UCIsUpdaterEnabled : UpdaterIsEnabled.
2022-07-18T03:05:20: Updater has never been run on the machine.
2022-07-18T03:05:20: StartupUtility : Window is NOT Elapsed.
2022-07-18T03:05:20: <<< Adobe Updater Log End <<<


2022-07-19T11:39:22: >>> Adobe Updater Log Begin >>>
2022-07-19T11:39:22: Application Version: 6.0.0.67
2022-07-19T11:39:22: cmdline option: -logFile = C:\Users\Gateway\AppData\Local\Adobe\AAMUpdater\1.0\aamul.log
2022-07-19T11:39:22: cmdline option: -logLevel = 2
2022-07-19T11:39:22: StartupUtility : Loaded at startup/logon.
2022-07-19T11:39:22: UCIsUpdaterEnabled : UpdaterIsEnabled.
2022-07-19T11:39:22: Updater has never been run on the machine.
2022-07-19T11:39:22: StartupUtility : Window is NOT Elapsed.
2022-07-19T11:39:22: <<< Adobe Updater Log End <<<


2022-07-21T05:55:18: >>> Adobe Updater Log Begin >>>
2022-07-21T05:55:18: Application Version: 6.0.0.67
2022-07-21T05:55:18: cmdline option: -logFile = C:\Users\Gateway\AppData\Local\Adobe\AAMUpdater\1.0\aamul.log
2022-07-21T05:55:18: cmdline option: -logLevel = 2
2022-07-21T05:55:18: StartupUtility : Loaded at startup/logon.
2022-07-21T05:55:18: UCIsUpdaterEnabled : UpdaterIsEnabled.
2022-07-21T05:55:18: Updater has never been run on the machine.
2022-07-21T05:55:18: StartupUtility : Window is NOT Elapsed.
2022-07-21T05:55:18: <<< Adobe Updater Log End <<<


2022-07-22T04:53:04: >>> Adobe Updater Log Begin >>>
2022-07-22T04:53:04: Application Version: 6.0.0.67
2022-07-22T04:53:04: cmdline option: -logFile = C:\Users\Gateway\AppData\Local\Adobe\AAMUpdater\1.0\aamul.log
2022-07-22T04:53:04: cmdline option: -logLevel = 2
2022-07-22T04:53:04: StartupUtility : Loaded at startup/logon.
2022-07-22T04:53:04: UCIsUpdaterEnabled : UpdaterIsEnabled.
2022-07-22T04:53:04: Updater has never been run on the machine.
2022-07-22T04:53:04: StartupUtility : Window is NOT Elapsed.
2022-07-22T04:53:04: <<< Adobe Updater Log End <<<


2022-07-23T03:39:25: >>> Adobe Updater Log Begin >>>
2022-07-23T03:39:25: Application Version: 6.0.0.67
2022-07-23T03:39:25: cmdline option: -logFile = C:\Users\Gateway\AppData\Local\Adobe\AAMUpdater\1.0\aamul.log
2022-07-23T03:39:25: cmdline option: -logLevel = 2
2022-07-23T03:39:25: StartupUtility : Loaded at startup/logon.
2022-07-23T03:39:25: UCIsUpdaterEnabled : UpdaterIsEnabled.
2022-07-23T03:39:25: Updater has never been run on the machine.
2022-07-23T03:39:25: StartupUtility : Window is NOT Elapsed.
2022-07-23T03:39:25: <<< Adobe Updater Log End <<<


2022-07-26T11:25:14: >>> Adobe Updater Log Begin >>>
2022-07-26T11:25:14: Application Version: 6.0.0.67
2022-07-26T11:25:14: cmdline option: -logFile = C:\Users\Gateway\AppData\Local\Adobe\AAMUpdater\1.0\aamul.log
2022-07-26T11:25:14: cmdline option: -logLevel = 2
2022-07-26T11:25:14: StartupUtility : Loaded at startup/logon.
2022-07-26T11:25:14: UCIsUpdaterEnabled : UpdaterIsEnabled.
2022-07-26T11:25:14: Updater has never been run on the machine.
2022-07-26T11:25:14: StartupUtility : Window is NOT Elapsed.
2022-07-26T11:25:14: <<< Adobe Updater Log End <<<


2022-07-27T05:37:01: >>> Adobe Updater Log Begin >>>
2022-07-27T05:37:01: Application Version: 6.0.0.67
2022-07-27T05:37:01: cmdline option: -logFile = C:\Users\Gateway\AppData\Local\Adobe\AAMUpdater\1.0\aamul.log
2022-07-27T05:37:01: cmdline option: -logLevel = 2
2022-07-27T05:37:01: StartupUtility : Loaded at startup/logon.
2022-07-27T05:37:01: UCIsUpdaterEnabled : UpdaterIsEnabled.
2022-07-27T05:37:01: Updater has never been run on the machine.
2022-07-27T05:37:01: StartupUtility : Window is NOT Elapsed.
2022-07-27T05:37:01: <<< Adobe Updater Log End <<<


2022-08-01T05:35:06: >>> Adobe Updater Log Begin >>>
2022-08-01T05:35:06: Application Version: 6.0.0.67
2022-08-01T05:35:06: cmdline option: -logFile = C:\Users\Gateway\AppData\Local\Adobe\AAMUpdater\1.0\aamul.log
2022-08-01T05:35:06: cmdline option: -logLevel = 2
2022-08-01T05:35:06: StartupUtility : Loaded at startup/logon.
2022-08-01T05:35:06: UCIsUpdaterEnabled : UpdaterIsEnabled.
2022-08-01T05:35:06: Updater has never been run on the machine.
2022-08-01T05:35:06: StartupUtility : Window is NOT Elapsed.
2022-08-01T05:35:06: <<< Adobe Updater Log End <<<


2022-08-03T04:19:08: >>> Adobe Updater Log Begin >>>
2022-08-03T04:19:08: Application Version: 6.0.0.67
2022-08-03T04:19:08: cmdline option: -logFile = C:\Users\Gateway\AppData\Local\Adobe\AAMUpdater\1.0\aamul.log
2022-08-03T04:19:08: cmdline option: -logLevel = 2
2022-08-03T04:19:08: StartupUtility : Loaded at startup/logon.
2022-08-03T04:19:08: UCIsUpdaterEnabled : UpdaterIsEnabled.
2022-08-03T04:19:08: Updater has never been run on the machine.
2022-08-03T04:19:08: StartupUtility : Window is NOT Elapsed.
2022-08-03T04:19:08: <<< Adobe Updater Log End <<<


2022-08-05T07:17:27: >>> Adobe Updater Log Begin >>>
2022-08-05T07:17:27: Application Version: 6.0.0.67
2022-08-05T07:17:27: cmdline option: -logFile = C:\Users\Gateway\AppData\Local\Adobe\AAMUpdater\1.0\aamul.log
2022-08-05T07:17:27: cmdline option: -logLevel = 2
2022-08-05T07:17:27: StartupUtility : Loaded at startup/logon.
2022-08-05T07:17:27: UCIsUpdaterEnabled : UpdaterIsEnabled.
2022-08-05T07:17:27: Updater has never been run on the machine.
2022-08-05T07:17:27: StartupUtility : Window is NOT Elapsed.
2022-08-05T07:17:27: <<< Adobe Updater Log End <<<


2022-08-07T04:30:29: >>> Adobe Updater Log Begin >>>
2022-08-07T04:30:29: Application Version: 6.0.0.67
2022-08-07T04:30:29: cmdline option: -logFile = C:\Users\Gateway\AppData\Local\Adobe\AAMUpdater\1.0\aamul.log
2022-08-07T04:30:29: cmdline option: -logLevel = 2
2022-08-07T04:30:29: StartupUtility : Loaded at startup/logon.
2022-08-07T04:30:29: UCIsUpdaterEnabled : UpdaterIsEnabled.
2022-08-07T04:30:29: Updater has never been run on the machine.
2022-08-07T04:30:29: StartupUtility : Window is NOT Elapsed.
2022-08-07T04:30:29: <<< Adobe Updater Log End <<<


2022-08-07T12:30:32: >>> Adobe Updater Log Begin >>>
2022-08-07T12:30:32: Application Version: 6.0.0.67
2022-08-07T12:30:32: cmdline option: -logFile = C:\Users\Gateway\AppData\Local\Adobe\AAMUpdater\1.0\aamul.log
2022-08-07T12:30:32: cmdline option: -logLevel = 2
2022-08-07T12:30:32: StartupUtility : Loaded at startup/logon.
2022-08-07T12:30:32: UCIsUpdaterEnabled : UpdaterIsEnabled.
2022-08-07T12:30:32: Updater has never been run on the machine.
2022-08-07T12:30:32: StartupUtility : Window is NOT Elapsed.
2022-08-07T12:30:32: <<< Adobe Updater Log End <<<


2022-08-08T13:28:29: >>> Adobe Updater Log Begin >>>
2022-08-08T13:28:29: Application Version: 6.0.0.67
2022-08-08T13:28:29: cmdline option: -logFile = C:\Users\Gateway\AppData\Local\Adobe\AAMUpdater\1.0\aamul.log
2022-08-08T13:28:29: cmdline option: -logLevel = 2
2022-08-08T13:28:29: StartupUtility : Loaded at startup/logon.
2022-08-08T13:28:29: UCIsUpdaterEnabled : UpdaterIsEnabled.
2022-08-08T13:28:29: Updater has never been run on the machine.
2022-08-08T13:28:29: StartupUtility : Window is NOT Elapsed.
2022-08-08T13:28:29: <<< Adobe Updater Log End <<<


2022-08-08T17:44:33: >>> Adobe Updater Log Begin >>>
2022-08-08T17:44:33: Application Version: 6.0.0.67
2022-08-08T17:44:33: cmdline option: -logFile = C:\Users\Gateway\AppData\Local\Adobe\AAMUpdater\1.0\aamul.log
2022-08-08T17:44:33: cmdline option: -logLevel = 2
2022-08-08T17:44:33: StartupUtility : Loaded at startup/logon.
2022-08-08T17:44:33: UCIsUpdaterEnabled : UpdaterIsEnabled.
2022-08-08T17:44:33: Updater has never been run on the machine.
2022-08-08T17:44:33: StartupUtility : Window is NOT Elapsed.
2022-08-08T17:44:33: <<< Adobe Updater Log End <<<


2022-08-09T12:19:08: >>> Adobe Updater Log Begin >>>
2022-08-09T12:19:08: Application Version: 6.0.0.67
2022-08-09T12:19:08: cmdline option: -logFile = C:\Users\Gateway\AppData\Local\Adobe\AAMUpdater\1.0\aamul.log
2022-08-09T12:19:08: cmdline option: -logLevel = 2
2022-08-09T12:19:08: StartupUtility : Loaded at startup/logon.
2022-08-09T12:19:08: UCIsUpdaterEnabled : UpdaterIsEnabled.
2022-08-09T12:19:08: Updater has never been run on the machine.
2022-08-09T12:19:08: StartupUtility : Window is NOT Elapsed.
2022-08-09T12:19:08: <<< Adobe Updater Log End <<<


2022-08-10T17:12:48: >>> Adobe Updater Log Begin >>>
2022-08-10T17:12:48: Application Version: 6.0.0.67
2022-08-10T17:12:48: cmdline option: -logFile = C:\Users\Gateway\AppData\Local\Adobe\AAMUpdater\1.0\aamul.log
2022-08-10T17:12:48: cmdline option: -logLevel = 2
2022-08-10T17:12:48: StartupUtility : Loaded at startup/logon.
2022-08-10T17:12:48: UCIsUpdaterEnabled : UpdaterIsEnabled.
2022-08-10T17:12:48: Updater has never been run on the machine.
2022-08-10T17:12:48: StartupUtility : Window is NOT Elapsed.
2022-08-10T17:12:48: <<< Adobe Updater Log End <<<


2022-08-11T06:25:20: >>> Adobe Updater Log Begin >>>
2022-08-11T06:25:20: Application Version: 6.0.0.67
2022-08-11T06:25:20: cmdline option: -logFile = C:\Users\Gateway\AppData\Local\Adobe\AAMUpdater\1.0\aamul.log
2022-08-11T06:25:20: cmdline option: -logLevel = 2
2022-08-11T06:25:20: StartupUtility : Loaded at startup/logon.
2022-08-11T06:25:20: UCIsUpdaterEnabled : UpdaterIsEnabled.
2022-08-11T06:25:20: Updater has never been run on the machine.
2022-08-11T06:25:20: StartupUtility : Window is NOT Elapsed.
2022-08-11T06:25:20: <<< Adobe Updater Log End <<<


2022-08-12T06:41:40: >>> Adobe Updater Log Begin >>>
2022-08-12T06:41:40: Application Version: 6.0.0.67
2022-08-12T06:41:40: cmdline option: -logFile = C:\Users\Gateway\AppData\Local\Adobe\AAMUpdater\1.0\aamul.log
2022-08-12T06:41:40: cmdline option: -logLevel = 2
2022-08-12T06:41:40: StartupUtility : Loaded at startup/logon.
2022-08-12T06:41:40: UCIsUpdaterEnabled : UpdaterIsEnabled.
2022-08-12T06:41:40: Updater has never been run on the machine.
2022-08-12T06:41:40: StartupUtility : Window is NOT Elapsed.
2022-08-12T06:41:40: <<< Adobe Updater Log End <<<


2022-08-13T06:30:06: >>> Adobe Updater Log Begin >>>
2022-08-13T06:30:06: Application Version: 6.0.0.67
2022-08-13T06:30:06: cmdline option: -logFile = C:\Users\Gateway\AppData\Local\Adobe\AAMUpdater\1.0\aamul.log
2022-08-13T06:30:06: cmdline option: -logLevel = 2
2022-08-13T06:30:06: StartupUtility : Loaded at startup/logon.
2022-08-13T06:30:06: UCIsUpdaterEnabled : UpdaterIsEnabled.
2022-08-13T06:30:06: Updater has never been run on the machine.
2022-08-13T06:30:06: StartupUtility : Window is NOT Elapsed.
2022-08-13T06:30:06: <<< Adobe Updater Log End <<<


2022-08-14T04:31:14: >>> Adobe Updater Log Begin >>>
2022-08-14T04:31:14: Application Version: 6.0.0.67
2022-08-14T04:31:14: cmdline option: -logFile = C:\Users\Gateway\AppData\Local\Adobe\AAMUpdater\1.0\aamul.log
2022-08-14T04:31:14: cmdline option: -logLevel = 2
2022-08-14T04:31:14: StartupUtility : Loaded at startup/logon.
2022-08-14T04:31:14: UCIsUpdaterEnabled : UpdaterIsEnabled.
2022-08-14T04:31:14: Updater has never been run on the machine.
2022-08-14T04:31:14: StartupUtility : Window is NOT Elapsed.
2022-08-14T04:31:14: <<< Adobe Updater Log End <<<


2022-08-15T11:34:38: >>> Adobe Updater Log Begin >>>
2022-08-15T11:34:38: Application Version: 6.0.0.67
2022-08-15T11:34:38: cmdline option: -logFile = C:\Users\Gateway\AppData\Local\Adobe\AAMUpdater\1.0\aamul.log
2022-08-15T11:34:38: cmdline option: -logLevel = 2
2022-08-15T11:34:38: StartupUtility : Loaded at startup/logon.
2022-08-15T11:34:38: UCIsUpdaterEnabled : UpdaterIsEnabled.
2022-08-15T11:34:38: Updater has never been run on the machine.
2022-08-15T11:34:38: StartupUtility : Window is NOT Elapsed.
2022-08-15T11:34:38: <<< Adobe Updater Log End <<<


2022-08-16T14:39:22: >>> Adobe Updater Log Begin >>>
2022-08-16T14:39:22: Application Version: 6.0.0.67
2022-08-16T14:39:22: cmdline option: -logFile = C:\Users\Gateway\AppData\Local\Adobe\AAMUpdater\1.0\aamul.log
2022-08-16T14:39:22: cmdline option: -logLevel = 2
2022-08-16T14:39:22: StartupUtility : Loaded at startup/logon.
2022-08-16T14:39:22: UCIsUpdaterEnabled : UpdaterIsEnabled.
2022-08-16T14:39:22: Updater has never been run on the machine.
2022-08-16T14:39:22: StartupUtility : Window is NOT Elapsed.
2022-08-16T14:39:22: <<< Adobe Updater Log End <<<


2022-08-17T02:53:50: >>> Adobe Updater Log Begin >>>
2022-08-17T02:53:50: Application Version: 6.0.0.67
2022-08-17T02:53:50: cmdline option: -logFile = C:\Users\Gateway\AppData\Local\Adobe\AAMUpdater\1.0\aamul.log
2022-08-17T02:53:50: cmdline option: -logLevel = 2
2022-08-17T02:53:50: StartupUtility : Loaded at startup/logon.
2022-08-17T02:53:50: UCIsUpdaterEnabled : UpdaterIsEnabled.
2022-08-17T02:53:50: Updater has never been run on the machine.
2022-08-17T02:53:50: StartupUtility : Window is NOT Elapsed.
2022-08-17T02:53:50: <<< Adobe Updater Log End <<<


2022-08-17T16:46:53: >>> Adobe Updater Log Begin >>>
2022-08-17T16:46:53: Application Version: 6.0.0.67
2022-08-17T16:46:53: cmdline option: -logFile = C:\Users\Gateway\AppData\Local\Adobe\AAMUpdater\1.0\aamul.log
2022-08-17T16:46:53: cmdline option: -logLevel = 2
2022-08-17T16:46:53: StartupUtility : Loaded at startup/logon.
2022-08-17T16:46:53: UCIsUpdaterEnabled : UpdaterIsEnabled.
2022-08-17T16:46:53: Updater has never been run on the machine.
2022-08-17T16:46:53: StartupUtility : Window is NOT Elapsed.
2022-08-17T16:46:53: <<< Adobe Updater Log End <<<


2022-08-18T12:47:59: >>> Adobe Updater Log Begin >>>
2022-08-18T12:47:59: Application Version: 6.0.0.67
2022-08-18T12:47:59: cmdline option: -logFile = C:\Users\Gateway\AppData\Local\Adobe\AAMUpdater\1.0\aamul.log
2022-08-18T12:47:59: cmdline option: -logLevel = 2
2022-08-18T12:47:59: StartupUtility : Loaded at startup/logon.
2022-08-18T12:47:59: UCIsUpdaterEnabled : UpdaterIsEnabled.
2022-08-18T12:47:59: Updater has never been run on the machine.
2022-08-18T12:47:59: StartupUtility : Window is NOT Elapsed.
2022-08-18T12:47:59: <<< Adobe Updater Log End <<<


2022-08-18T14:43:07: >>> Adobe Updater Log Begin >>>
2022-08-18T14:43:07: Application Version: 6.0.0.67
2022-08-18T14:43:07: cmdline option: -logFile = C:\Users\Gateway\AppData\Local\Adobe\AAMUpdater\1.0\aamul.log
2022-08-18T14:43:07: cmdline option: -logLevel = 2
2022-08-18T14:43:07: StartupUtility : Loaded at startup/logon.
2022-08-18T14:43:07: UCIsUpdaterEnabled : UpdaterIsEnabled.
2022-08-18T14:43:07: Updater has never been run on the machine.
2022-08-18T14:43:07: StartupUtility : Window is NOT Elapsed.
2022-08-18T14:43:07: <<< Adobe Updater Log End <<<


2022-08-19T13:38:14: >>> Adobe Updater Log Begin >>>
2022-08-19T13:38:14: Application Version: 6.0.0.67
2022-08-19T13:38:14: cmdline option: -logFile = C:\Users\Gateway\AppData\Local\Adobe\AAMUpdater\1.0\aamul.log
2022-08-19T13:38:14: cmdline option: -logLevel = 2
2022-08-19T13:38:14: StartupUtility : Loaded at startup/logon.
2022-08-19T13:38:14: UCIsUpdaterEnabled : UpdaterIsEnabled.
2022-08-19T13:38:14: Updater has never been run on the machine.
2022-08-19T13:38:14: StartupUtility : Window is NOT Elapsed.
2022-08-19T13:38:14: <<< Adobe Updater Log End <<<


2022-08-20T13:48:03: >>> Adobe Updater Log Begin >>>
2022-08-20T13:48:03: Application Version: 6.0.0.67
2022-08-20T13:48:03: cmdline option: -logFile = C:\Users\Gateway\AppData\Local\Adobe\AAMUpdater\1.0\aamul.log
2022-08-20T13:48:03: cmdline option: -logLevel = 2
2022-08-20T13:48:03: StartupUtility : Loaded at startup/logon.
2022-08-20T13:48:03: UCIsUpdaterEnabled : UpdaterIsEnabled.
2022-08-20T13:48:03: Updater has never been run on the machine.
2022-08-20T13:48:03: StartupUtility : Window is NOT Elapsed.
2022-08-20T13:48:03: <<< Adobe Updater Log End <<<


2022-08-20T15:56:49: >>> Adobe Updater Log Begin >>>
2022-08-20T15:56:49: Application Version: 6.0.0.67
2022-08-20T15:56:49: cmdline option: -logFile = C:\Users\Gateway\AppData\Local\Adobe\AAMUpdater\1.0\aamul.log
2022-08-20T15:56:49: cmdline option: -logLevel = 2
2022-08-20T15:56:49: StartupUtility : Loaded at startup/logon.
2022-08-20T15:56:49: UCIsUpdaterEnabled : UpdaterIsEnabled.
2022-08-20T15:56:49: Updater has never been run on the machine.
2022-08-20T15:56:49: StartupUtility : Window is NOT Elapsed.
2022-08-20T15:56:49: <<< Adobe Updater Log End <<<


2022-08-21T06:27:14: >>> Adobe Updater Log Begin >>>
2022-08-21T06:27:14: Application Version: 6.0.0.67
2022-08-21T06:27:14: cmdline option: -logFile = C:\Users\Gateway\AppData\Local\Adobe\AAMUpdater\1.0\aamul.log
2022-08-21T06:27:14: cmdline option: -logLevel = 2
2022-08-21T06:27:14: StartupUtility : Loaded at startup/logon.
2022-08-21T06:27:14: UCIsUpdaterEnabled : UpdaterIsEnabled.
2022-08-21T06:27:14: Updater has never been run on the machine.
2022-08-21T06:27:14: StartupUtility : Window is NOT Elapsed.
2022-08-21T06:27:14: <<< Adobe Updater Log End <<<


2022-08-22T13:27:07: >>> Adobe Updater Log Begin >>>
2022-08-22T13:27:07: Application Version: 6.0.0.67
2022-08-22T13:27:07: cmdline option: -logFile = C:\Users\Gateway\AppData\Local\Adobe\AAMUpdater\1.0\aamul.log
2022-08-22T13:27:07: cmdline option: -logLevel = 2
2022-08-22T13:27:07: StartupUtility : Loaded at startup/logon.
2022-08-22T13:27:07: UCIsUpdaterEnabled : UpdaterIsEnabled.
2022-08-22T13:27:07: Updater has never been run on the machine.
2022-08-22T13:27:07: StartupUtility : Window is NOT Elapsed.
2022-08-22T13:27:07: <<< Adobe Updater Log End <<<


2022-08-23T03:13:21: >>> Adobe Updater Log Begin >>>
2022-08-23T03:13:21: Application Version: 6.0.0.67
2022-08-23T03:13:21: cmdline option: -logFile = C:\Users\Gateway\AppData\Local\Adobe\AAMUpdater\1.0\aamul.log
2022-08-23T03:13:21: cmdline option: -logLevel = 2
2022-08-23T03:13:21: StartupUtility : Loaded at startup/logon.
2022-08-23T03:13:21: UCIsUpdaterEnabled : UpdaterIsEnabled.
2022-08-23T03:13:21: Updater has never been run on the machine.
2022-08-23T03:13:21: StartupUtility : Window is NOT Elapsed.
2022-08-23T03:13:21: <<< Adobe Updater Log End <<<


2022-08-24T15:10:49: >>> Adobe Updater Log Begin >>>
2022-08-24T15:10:49: Application Version: 6.0.0.67
2022-08-24T15:10:49: cmdline option: -logFile = C:\Users\Gateway\AppData\Local\Adobe\AAMUpdater\1.0\aamul.log
2022-08-24T15:10:49: cmdline option: -logLevel = 2
2022-08-24T15:10:49: StartupUtility : Loaded at startup/logon.
2022-08-24T15:10:49: UCIsUpdaterEnabled : UpdaterIsEnabled.
2022-08-24T15:10:49: Updater has never been run on the machine.
2022-08-24T15:10:49: StartupUtility : Window is NOT Elapsed.
2022-08-24T15:10:49: <<< Adobe Updater Log End <<<


2022-08-25T11:41:41: >>> Adobe Updater Log Begin >>>
2022-08-25T11:41:41: Application Version: 6.0.0.67
2022-08-25T11:41:41: cmdline option: -logFile = C:\Users\Gateway\AppData\Local\Adobe\AAMUpdater\1.0\aamul.log
2022-08-25T11:41:41: cmdline option: -logLevel = 2
2022-08-25T11:41:41: StartupUtility : Loaded at startup/logon.
2022-08-25T11:41:41: UCIsUpdaterEnabled : UpdaterIsEnabled.
2022-08-25T11:41:41: Updater has never been run on the machine.
2022-08-25T11:41:41: StartupUtility : Window is NOT Elapsed.
2022-08-25T11:41:41: <<< Adobe Updater Log End <<<


2022-08-26T14:39:59: >>> Adobe Updater Log Begin >>>
2022-08-26T14:39:59: Application Version: 6.0.0.67
2022-08-26T14:39:59: cmdline option: -logFile = C:\Users\Gateway\AppData\Local\Adobe\AAMUpdater\1.0\aamul.log
2022-08-26T14:39:59: cmdline option: -logLevel = 2
2022-08-26T14:39:59: StartupUtility : Loaded at startup/logon.
2022-08-26T14:39:59: UCIsUpdaterEnabled : UpdaterIsEnabled.
2022-08-26T14:39:59: Updater has never been run on the machine.
2022-08-26T14:39:59: StartupUtility : Window is NOT Elapsed.
2022-08-26T14:39:59: <<< Adobe Updater Log End <<<


2022-08-27T18:13:33: >>> Adobe Updater Log Begin >>>
2022-08-27T18:13:33: Application Version: 6.0.0.67
2022-08-27T18:13:33: cmdline option: -logFile = C:\Users\Gateway\AppData\Local\Adobe\AAMUpdater\1.0\aamul.log
2022-08-27T18:13:33: cmdline option: -logLevel = 2
2022-08-27T18:13:33: StartupUtility : Loaded at startup/logon.
2022-08-27T18:13:33: UCIsUpdaterEnabled : UpdaterIsEnabled.
2022-08-27T18:13:33: Updater has never been run on the machine.
2022-08-27T18:13:33: StartupUtility : Window is NOT Elapsed.
2022-08-27T18:13:33: <<< Adobe Updater Log End <<<


2022-08-28T03:57:14: >>> Adobe Updater Log Begin >>>
2022-08-28T03:57:14: Application Version: 6.0.0.67
2022-08-28T03:57:14: cmdline option: -logFile = C:\Users\Gateway\AppData\Local\Adobe\AAMUpdater\1.0\aamul.log
2022-08-28T03:57:14: cmdline option: -logLevel = 2
2022-08-28T03:57:14: StartupUtility : Loaded at startup/logon.
2022-08-28T03:57:14: UCIsUpdaterEnabled : UpdaterIsEnabled.
2022-08-28T03:57:14: Updater has never been run on the machine.
2022-08-28T03:57:14: StartupUtility : Window is NOT Elapsed.
2022-08-28T03:57:14: <<< Adobe Updater Log End <<<


2022-08-29T12:14:28: >>> Adobe Updater Log Begin >>>
2022-08-29T12:14:28: Application Version: 6.0.0.67
2022-08-29T12:14:28: cmdline option: -logFile = C:\Users\Gateway\AppData\Local\Adobe\AAMUpdater\1.0\aamul.log
2022-08-29T12:14:28: cmdline option: -logLevel = 2
2022-08-29T12:14:28: StartupUtility : Loaded at startup/logon.
2022-08-29T12:14:28: UCIsUpdaterEnabled : UpdaterIsEnabled.
2022-08-29T12:14:28: Updater has never been run on the machine.
2022-08-29T12:14:28: StartupUtility : Window is NOT Elapsed.
2022-08-29T12:14:28: <<< Adobe Updater Log End <<<


